Warning: You are sending unauthenticated requests to the HF Hub. Please set a HF_TOKEN to enable higher rate limits and faster downloads.
/home/adl/youtube-lu-ai-channel/voice-lab/free-local-tts/f5env/lib/python3.11/site-packages/torchaudio/_backend/utils.py:213: UserWarning: In 2.9, this function's implementation will be changed to use torchaudio.load_with_torchcodec` under the hood. Some parameters like ``normalize``, ``format``, ``buffer_size``, and ``backend`` will be ignored. We recommend that you port your code to rely directly on TorchCodec's decoder instead: https://docs.pytorch.org/torchcodec/stable/generated/torchcodec.decoders.AudioDecoder.html#torchcodec.decoders.AudioDecoder.
  warnings.warn(
/home/adl/youtube-lu-ai-channel/voice-lab/free-local-tts/f5env/lib/python3.11/site-packages/torchaudio/_backend/ffmpeg.py:88: UserWarning: torio.io._streaming_media_decoder.StreamingMediaDecoder has been deprecated. This deprecation is part of a large refactoring effort to transition TorchAudio into a maintenance phase. The decoding and encoding capabilities of PyTorch for both audio and video are being consolidated into TorchCodec. Please see https://github.com/pytorch/audio/issues/3902 for more information. It will be removed from the 2.9 release. 
  s = torchaudio.io.StreamReader(src, format, None, buffer_size)
Download Vocos from huggingface charactr/vocos-mel-24khz
Using F5TTS_v1_Base...

vocab :  /home/adl/youtube-lu-ai-channel/voice-lab/free-local-tts/f5env/lib/python3.11/site-packages/f5_tts/infer/examples/vocab.txt
token :  custom
model :  /home/adl/.cache/huggingface/hub/models--SWivid--F5-TTS/snapshots/84e5a410d9cead4de2f847e7c9369a6440bdfaca/F5TTS_v1_Base/model_1250000.safetensors 

Voice: main
ref_audio  /home/adl/video-projects/episode-1-ai-agent-uses/f5tts-ref-alt/ref_alt.wav
Converting audio...
Using custom reference text...

ref_text   最理想的狀態，是清楚、穩定、自然，像是在對一位願意聽你說話的人慢慢解釋。
ref_audio_ /tmp/tmp3ayba9kk.wav 


No voice tag found, using main.
Voice: main
gen_text 0 好題目不是一次生成，是先讓它能被退件。這一集我想示範一個很實用的 AI Agent 備課流程：
gen_text 1 不要一開始就要求 AI 給你完美題目，而是先要求它交出一份可以被檢查、可以被退回、也可以被修訂的題目草稿。
gen_text 2 老師真正省下的時間，不是把判斷權交給 AI，而是把重複整理的工作交出去，自己保留最後的審稿權。


Generating audio in 3 batches...
  0%|          | 0/3 [00:00<?, ?it/s] 33%|███▎      | 1/3 [00:05<00:11,  5.83s/it]100%|██████████| 3/3 [00:05<00:00,  1.94s/it]
/home/adl/youtube-lu-ai-channel/longform/rejectable-question-draft-20260512/slide_video_draft_v1/lu_f5tts_upgrade_v1/chunks_wav/chunk_01.wav
