Warning: You are sending unauthenticated requests to the HF Hub. Please set a HF_TOKEN to enable higher rate limits and faster downloads.
/home/adl/youtube-lu-ai-channel/voice-lab/free-local-tts/f5env/lib/python3.11/site-packages/torchaudio/_backend/utils.py:213: UserWarning: In 2.9, this function's implementation will be changed to use torchaudio.load_with_torchcodec` under the hood. Some parameters like ``normalize``, ``format``, ``buffer_size``, and ``backend`` will be ignored. We recommend that you port your code to rely directly on TorchCodec's decoder instead: https://docs.pytorch.org/torchcodec/stable/generated/torchcodec.decoders.AudioDecoder.html#torchcodec.decoders.AudioDecoder.
  warnings.warn(
/home/adl/youtube-lu-ai-channel/voice-lab/free-local-tts/f5env/lib/python3.11/site-packages/torchaudio/_backend/ffmpeg.py:88: UserWarning: torio.io._streaming_media_decoder.StreamingMediaDecoder has been deprecated. This deprecation is part of a large refactoring effort to transition TorchAudio into a maintenance phase. The decoding and encoding capabilities of PyTorch for both audio and video are being consolidated into TorchCodec. Please see https://github.com/pytorch/audio/issues/3902 for more information. It will be removed from the 2.9 release. 
  s = torchaudio.io.StreamReader(src, format, None, buffer_size)
Download Vocos from huggingface charactr/vocos-mel-24khz
Using F5TTS_v1_Base...

vocab :  /home/adl/youtube-lu-ai-channel/voice-lab/free-local-tts/f5env/lib/python3.11/site-packages/f5_tts/infer/examples/vocab.txt
token :  custom
model :  /home/adl/.cache/huggingface/hub/models--SWivid--F5-TTS/snapshots/84e5a410d9cead4de2f847e7c9369a6440bdfaca/F5TTS_v1_Base/model_1250000.safetensors 

Voice: main
ref_audio  /home/adl/video-projects/episode-1-ai-agent-uses/f5tts-ref-alt/ref_alt.wav
Converting audio...
Using custom reference text...

ref_text   最理想的狀態，是清楚、穩定、自然，像是在對一位願意聽你說話的人慢慢解釋。
ref_audio_ /tmp/tmpvgedb7oj.wav 


No voice tag found, using main.
Voice: main
gen_text 0 第二步，是先把退件規準寫在前面。我的做法是要求 AI 自己先用三條規準檢查草稿：目標是否清楚，條件是否足夠，
gen_text 1 誘因是否正確。目標不清楚，學生答對也不知道學到什麼；條件不足，題目會變成猜題；誘因不對，
gen_text 2 學生可能用捷徑答對，卻沒有練到你想看的能力。這些規準不是拿來裝飾，而是等一下修訂時的依據。


Generating audio in 3 batches...
  0%|          | 0/3 [00:00<?, ?it/s] 33%|███▎      | 1/3 [00:04<00:09,  4.88s/it]100%|██████████| 3/3 [00:04<00:00,  1.64s/it]
/home/adl/youtube-lu-ai-channel/longform/rejectable-question-draft-20260512/slide_video_draft_v1/lu_f5tts_upgrade_v1/chunks_wav/chunk_03.wav
