/home/adl/youtube-lu-ai-channel/voice-lab/free-local-tts/f5env/lib/python3.11/site-packages/torchaudio/_backend/utils.py:213: UserWarning: In 2.9, this function's implementation will be changed to use torchaudio.load_with_torchcodec` under the hood. Some parameters like ``normalize``, ``format``, ``buffer_size``, and ``backend`` will be ignored. We recommend that you port your code to rely directly on TorchCodec's decoder instead: https://docs.pytorch.org/torchcodec/stable/generated/torchcodec.decoders.AudioDecoder.html#torchcodec.decoders.AudioDecoder.
  warnings.warn(
/home/adl/youtube-lu-ai-channel/voice-lab/free-local-tts/f5env/lib/python3.11/site-packages/torchaudio/_backend/ffmpeg.py:88: UserWarning: torio.io._streaming_media_decoder.StreamingMediaDecoder has been deprecated. This deprecation is part of a large refactoring effort to transition TorchAudio into a maintenance phase. The decoding and encoding capabilities of PyTorch for both audio and video are being consolidated into TorchCodec. Please see https://github.com/pytorch/audio/issues/3902 for more information. It will be removed from the 2.9 release. 
  s = torchaudio.io.StreamReader(src, format, None, buffer_size)
Download Vocos from huggingface charactr/vocos-mel-24khz
Using F5TTS_v1_Base...

vocab :  /home/adl/youtube-lu-ai-channel/voice-lab/free-local-tts/f5env/lib/python3.11/site-packages/f5_tts/infer/examples/vocab.txt
token :  custom
model :  /home/adl/.cache/huggingface/hub/models--SWivid--F5-TTS/snapshots/84e5a410d9cead4de2f847e7c9369a6440bdfaca/F5TTS_v1_Base/model_1250000.safetensors 

Voice: main
ref_audio  /home/adl/video-projects/episode-1-ai-agent-uses/f5tts-ref-alt/ref_alt.wav
Converting audio...
Using custom reference text...

ref_text   最理想的狀態，是清楚、穩定、自然，像是在對一位願意聽你說話的人慢慢解釋。
ref_audio_ /tmp/tmp4f9yo4i0.wav 


No voice tag found, using main.
Voice: main
gen_text 0 接著五到十五分鐘，學生先寫假設。這裡可以讓 AI 幫忙修句子，但不能讓 AI 直接給答案。
gen_text 1 學生原句可能是「我覺得比較粗會比較慢」，AI 可以協助改成「我預期表面越粗糙，滑下時間越長，
gen_text 2 因為摩擦作用增加」。老師要檢查的是因果與變因有沒有寫出來：哪個條件改變，哪個結果被觀察，
gen_text 3 理由是不是至少可以被證據支持或反駁。


Generating audio in 4 batches...
  0%|          | 0/4 [00:00<?, ?it/s] 25%|██▌       | 1/4 [00:05<00:17,  5.84s/it] 50%|█████     | 2/4 [00:06<00:05,  2.59s/it]100%|██████████| 4/4 [00:06<00:00,  1.54s/it]
/home/adl/youtube-lu-ai-channel/longform/ai-physics-inquiry-class-20260513/slide_video_draft_v1/lu_f5tts_upgrade_v1/chunks_wav/chunk_03.wav
